2019-04-26 15:53:45 INFO  GenericDAO:205 - metodo executeMultipleUpdateForDistribution - SQL = INSERT INTO espafma (CDTPFORM,CDHOLDIN,CDVOCEXX,CDCONTRA,CDCAUSAL,CDORARIO,ANSELEZ1,ANSELEZ2,CLDECORR,CDSTANDA,NRSEQUEN,CDTIPOFR,CLMMSCOS,ANTPSCOS,ANTPDATO,CDTIPOX1,CDCAMPO1,CDOPERA1,CDTIPOX2,CDCAMPO2,CDOPERA2,CDTIPOX3,CDCAMPO3,CDOPERA3,FLPAROPE,FLPARCLO,NRTOTPAR,CDUSERAG,CLDATAAG,CLORAAGG,NRVERSIO,ANRECVOC) values ('RPVAL2  ','    ','1721','99','   ','   ','                    ','                    ','0',' ','1','0','0',' ',' ','S','LRI','+','Z','1721',' ',' ',' ',' ',' ',' ','0','MASTER','20131107','165659','90','    ')

2019-04-26 15:53:45 INFO  GenericDAO:205 - metodo executeMultipleUpdateForDistribution - SQL = INSERT INTO espafma (CDTPFORM,CDHOLDIN,CDVOCEXX,CDCONTRA,CDCAUSAL,CDORARIO,ANSELEZ1,ANSELEZ2,CLDECORR,CDSTANDA,NRSEQUEN,CDTIPOFR,CLMMSCOS,ANTPSCOS,ANTPDATO,CDTIPOX1,CDCAMPO1,CDOPERA1,CDTIPOX2,CDCAMPO2,CDOPERA2,CDTIPOX3,CDCAMPO3,CDOPERA3,FLPAROPE,FLPARCLO,NRTOTPAR,CDUSERAG,CLDATAAG,CLORAAGG,NRVERSIO,ANRECVOC) values ('RPVAL2  ','    ','1721','99','   ','   ','                    ','                    ','0',' ','2','1','0',' ',' ','V','0352','U','N','000001,0000','M','S','LRI','A',' ',' ','0','MASTER','20131107','165659','236','    ')

2019-04-26 15:53:45 INFO  GenericDAO:205 - metodo executeMultipleUpdateForDistribution - SQL = INSERT INTO espafma (CDTPFORM,CDHOLDIN,CDVOCEXX,CDCONTRA,CDCAUSAL,CDORARIO,ANSELEZ1,ANSELEZ2,CLDECORR,CDSTANDA,NRSEQUEN,CDTIPOFR,CLMMSCOS,ANTPSCOS,ANTPDATO,CDTIPOX1,CDCAMPO1,CDOPERA1,CDTIPOX2,CDCAMPO2,CDOPERA2,CDTIPOX3,CDCAMPO3,CDOPERA3,FLPAROPE,FLPARCLO,NRTOTPAR,CDUSERAG,CLDATAAG,CLORAAGG,NRVERSIO,ANRECVOC) values ('RPVAL2  ','    ','1721','99','   ','   ','                    ','                    ','0',' ','3','3','0',' ',' ',' ',' ',' ',' ',' ','M','R','01','Q',' ',' ','0','MASTER','20131107','165659','28','    ')

2019-04-26 15:53:45 INFO  GenericDAO:205 - metodo executeMultipleUpdateForDistribution - SQL = INSERT INTO espafma (CDTPFORM,CDHOLDIN,CDVOCEXX,CDCONTRA,CDCAUSAL,CDORARIO,ANSELEZ1,ANSELEZ2,CLDECORR,CDSTANDA,NRSEQUEN,CDTIPOFR,CLMMSCOS,ANTPSCOS,ANTPDATO,CDTIPOX1,CDCAMPO1,CDOPERA1,CDTIPOX2,CDCAMPO2,CDOPERA2,CDTIPOX3,CDCAMPO3,CDOPERA3,FLPAROPE,FLPARCLO,NRTOTPAR,CDUSERAG,CLDATAAG,CLORAAGG,NRVERSIO,ANRECVOC) values ('RPVAL2  ','    ','1722','99','   ','   ','                    ','                    ','0',' ','1','0','0',' ',' ','V','1721','/','H','0800',' ',' ',' ','Q',' ',' ','0','MASTER','20131107','170149','226','    ')

2019-04-26 15:53:45 INFO  GenericDAO:205 - metodo executeMultipleUpdateForDistribution - SQL = INSERT INTO espafma (CDTPFORM,CDHOLDIN,CDVOCEXX,CDCONTRA,CDCAUSAL,CDORARIO,ANSELEZ1,ANSELEZ2,CLDECORR,CDSTANDA,NRSEQUEN,CDTIPOFR,CLMMSCOS,ANTPSCOS,ANTPDATO,CDTIPOX1,CDCAMPO1,CDOPERA1,CDTIPOX2,CDCAMPO2,CDOPERA2,CDTIPOX3,CDCAMPO3,CDOPERA3,FLPAROPE,FLPARCLO,NRTOTPAR,CDUSERAG,CLDATAAG,CLORAAGG,NRVERSIO,ANRECVOC) values ('PEVOCI  ','    ','1721','99','   ','   ','                    ','                    ','0',' ','1','0','0',' ','W','V','0381','/','Q','0186','*','P','0100',' ',' ',' ','0','MASTER','20180416','111555','101','    ')

2019-04-26 15:53:45 INFO  GenericDAO:205 - metodo executeMultipleUpdateForDistribution - SQL = INSERT INTO espafma (CDTPFORM,CDHOLDIN,CDVOCEXX,CDCONTRA,CDCAUSAL,CDORARIO,ANSELEZ1,ANSELEZ2,CLDECORR,CDSTANDA,NRSEQUEN,CDTIPOFR,CLMMSCOS,ANTPSCOS,ANTPDATO,CDTIPOX1,CDCAMPO1,CDOPERA1,CDTIPOX2,CDCAMPO2,CDOPERA2,CDTIPOX3,CDCAMPO3,CDOPERA3,FLPAROPE,FLPARCLO,NRTOTPAR,CDUSERAG,CLDATAAG,CLORAAGG,NRVERSIO,ANRECVOC) values ('PEVOCI  ','    ','1721','99','   ','   ','                    ','                    ','0',' ','2','0','1',' ','W','V','0381','/','Q','0186','*','P','0100',' ',' ',' ','0','MASTER','20180416','111555','57','    ')

2019-04-26 15:53:45 INFO  GenericDAO:205 - metodo executeMultipleUpdateForDistribution - SQL = INSERT INTO espafma (CDTPFORM,CDHOLDIN,CDVOCEXX,CDCONTRA,CDCAUSAL,CDORARIO,ANSELEZ1,ANSELEZ2,CLDECORR,CDSTANDA,NRSEQUEN,CDTIPOFR,CLMMSCOS,ANTPSCOS,ANTPDATO,CDTIPOX1,CDCAMPO1,CDOPERA1,CDTIPOX2,CDCAMPO2,CDOPERA2,CDTIPOX3,CDCAMPO3,CDOPERA3,FLPAROPE,FLPARCLO,NRTOTPAR,CDUSERAG,CLDATAAG,CLORAAGG,NRVERSIO,ANRECVOC) values ('PEVOCI  ','    ','1721','99','   ','   ','                    ','                    ','0',' ','4','3','0',' ',' ',' ',' ',' ',' ',' ','M','R','02','I',' ',' ','0','MASTER','20180416','111555','105','    ')

2019-04-26 15:53:45 INFO  GenericDAO:205 - metodo executeMultipleUpdateForDistribution - SQL = INSERT INTO espafma (CDTPFORM,CDHOLDIN,CDVOCEXX,CDCONTRA,CDCAUSAL,CDORARIO,ANSELEZ1,ANSELEZ2,CLDECORR,CDSTANDA,NRSEQUEN,CDTIPOFR,CLMMSCOS,ANTPSCOS,ANTPDATO,CDTIPOX1,CDCAMPO1,CDOPERA1,CDTIPOX2,CDCAMPO2,CDOPERA2,CDTIPOX3,CDCAMPO3,CDOPERA3,FLPAROPE,FLPARCLO,NRTOTPAR,CDUSERAG,CLDATAAG,CLORAAGG,NRVERSIO,ANRECVOC) values ('PEVOCI  ','    ','1721','99','   ','   ','                    ','                    ','0',' ','5','1','0',' ',' ','R','04','N','N','000000000000,000000+','M','Q','1701','Q',' ',' ','0','MASTER','20180416','111555','182','    ')

2019-04-26 15:53:45 INFO  GenericDAO:205 - metodo executeMultipleUpdateForDistribution - SQL = INSERT INTO espafma (CDTPFORM,CDHOLDIN,CDVOCEXX,CDCONTRA,CDCAUSAL,CDORARIO,ANSELEZ1,ANSELEZ2,CLDECORR,CDSTANDA,NRSEQUEN,CDTIPOFR,CLMMSCOS,ANTPSCOS,ANTPDATO,CDTIPOX1,CDCAMPO1,CDOPERA1,CDTIPOX2,CDCAMPO2,CDOPERA2,CDTIPOX3,CDCAMPO3,CDOPERA3,FLPAROPE,FLPARCLO,NRTOTPAR,CDUSERAG,CLDATAAG,CLORAAGG,NRVERSIO,ANRECVOC) values ('PEVOCI  ','    ','1722','99','   ','   ','                    ','                    ','0',' ','1','0','0',' ','W','V','0382','/','Q','0186','*','P','0100',' ',' ',' ','0','MASTER','20180416','111611','51','    ')

2019-04-26 15:53:45 INFO  GenericDAO:205 - metodo executeMultipleUpdateForDistribution - SQL = INSERT INTO espafma (CDTPFORM,CDHOLDIN,CDVOCEXX,CDCONTRA,CDCAUSAL,CDORARIO,ANSELEZ1,ANSELEZ2,CLDECORR,CDSTANDA,NRSEQUEN,CDTIPOFR,CLMMSCOS,ANTPSCOS,ANTPDATO,CDTIPOX1,CDCAMPO1,CDOPERA1,CDTIPOX2,CDCAMPO2,CDOPERA2,CDTIPOX3,CDCAMPO3,CDOPERA3,FLPAROPE,FLPARCLO,NRTOTPAR,CDUSERAG,CLDATAAG,CLORAAGG,NRVERSIO,ANRECVOC) values ('PEVOCI  ','    ','1722','99','   ','   ','                    ','                    ','0',' ','2','0','1',' ','W','V','0382','/','Q','0186','*','P','0100',' ',' ',' ','0','MASTER','20180416','111611','159','    ')

2019-04-26 15:53:45 INFO  GenericDAO:205 - metodo executeMultipleUpdateForDistribution - SQL = INSERT INTO espafma (CDTPFORM,CDHOLDIN,CDVOCEXX,CDCONTRA,CDCAUSAL,CDORARIO,ANSELEZ1,ANSELEZ2,CLDECORR,CDSTANDA,NRSEQUEN,CDTIPOFR,CLMMSCOS,ANTPSCOS,ANTPDATO,CDTIPOX1,CDCAMPO1,CDOPERA1,CDTIPOX2,CDCAMPO2,CDOPERA2,CDTIPOX3,CDCAMPO3,CDOPERA3,FLPAROPE,FLPARCLO,NRTOTPAR,CDUSERAG,CLDATAAG,CLORAAGG,NRVERSIO,ANRECVOC) values ('PEVOCI  ','    ','1722','99','   ','   ','                    ','                    ','0',' ','3','1','0',' ',' ','Q','0298','U','N','000000000001,000000+','M','R','01','A',' ',' ','0','MASTER','20180416','111611','38','    ')

2019-04-26 15:53:45 INFO  GenericDAO:205 - metodo executeMultipleUpdateForDistribution - SQL = INSERT INTO espafma (CDTPFORM,CDHOLDIN,CDVOCEXX,CDCONTRA,CDCAUSAL,CDORARIO,ANSELEZ1,ANSELEZ2,CLDECORR,CDSTANDA,NRSEQUEN,CDTIPOFR,CLMMSCOS,ANTPSCOS,ANTPDATO,CDTIPOX1,CDCAMPO1,CDOPERA1,CDTIPOX2,CDCAMPO2,CDOPERA2,CDTIPOX3,CDCAMPO3,CDOPERA3,FLPAROPE,FLPARCLO,NRTOTPAR,CDUSERAG,CLDATAAG,CLORAAGG,NRVERSIO,ANRECVOC) values ('PEVOCI  ','    ','1722','99','   ','   ','                    ','                    ','0',' ','4','3','0',' ',' ',' ',' ',' ',' ',' ','M','R','02','I',' ',' ','0','MASTER','20180416','111611','190','    ')

2019-04-26 15:53:45 INFO  GenericDAO:205 - metodo executeMultipleUpdateForDistribution - SQL = INSERT INTO espafma (CDTPFORM,CDHOLDIN,CDVOCEXX,CDCONTRA,CDCAUSAL,CDORARIO,ANSELEZ1,ANSELEZ2,CLDECORR,CDSTANDA,NRSEQUEN,CDTIPOFR,CLMMSCOS,ANTPSCOS,ANTPDATO,CDTIPOX1,CDCAMPO1,CDOPERA1,CDTIPOX2,CDCAMPO2,CDOPERA2,CDTIPOX3,CDCAMPO3,CDOPERA3,FLPAROPE,FLPARCLO,NRTOTPAR,CDUSERAG,CLDATAAG,CLORAAGG,NRVERSIO,ANRECVOC) values ('PEVOCI  ','    ','1722','99','   ','   ','                    ','                    ','0',' ','5','1','0',' ',' ','R','04','N','N','000000000000,000000+','M','Q','1701','Q',' ',' ','0','MASTER','20180416','111611','14','    ')

2019-04-26 15:53:45 INFO  GenericDAO:205 - metodo executeMultipleUpdateForDistribution - SQL = INSERT INTO espafma (CDTPFORM,CDHOLDIN,CDVOCEXX,CDCONTRA,CDCAUSAL,CDORARIO,ANSELEZ1,ANSELEZ2,CLDECORR,CDSTANDA,NRSEQUEN,CDTIPOFR,CLMMSCOS,ANTPSCOS,ANTPDATO,CDTIPOX1,CDCAMPO1,CDOPERA1,CDTIPOX2,CDCAMPO2,CDOPERA2,CDTIPOX3,CDCAMPO3,CDOPERA3,FLPAROPE,FLPARCLO,NRTOTPAR,CDUSERAG,CLDATAAG,CLORAAGG,NRVERSIO,ANRECVOC) values ('PEVOCI  ','    ','1721','99','   ','   ','                    ','                    ','0',' ','3','1','0',' ',' ','Q','0298','U','N','000000000001,000000+','M','R','01','A',' ',' ','0','MASTER','20180416','111555','213','    ')

2019-04-26 15:53:45 INFO  GenericDAO:205 - metodo executeMultipleUpdateForDistribution - SQL = INSERT INTO espafma (CDTPFORM,CDHOLDIN,CDVOCEXX,CDCONTRA,CDCAUSAL,CDORARIO,ANSELEZ1,ANSELEZ2,CLDECORR,CDSTANDA,NRSEQUEN,CDTIPOFR,CLMMSCOS,ANTPSCOS,ANTPDATO,CDTIPOX1,CDCAMPO1,CDOPERA1,CDTIPOX2,CDCAMPO2,CDOPERA2,CDTIPOX3,CDCAMPO3,CDOPERA3,FLPAROPE,FLPARCLO,NRTOTPAR,CDUSERAG,CLDATAAG,CLORAAGG,NRVERSIO,ANRECVOC) values ('PEVOCI  ','    ','300','99','   ','   ','71                  ','                    ','0',' ','1','0','0',' ',' ','Q','0109  ','*','M','000000001000,000000+',' ',' ','      ',' ','1','1','0','Convers.','0','0','1','    ')

2019-04-26 15:53:45 INFO  GenericDAO:205 - metodo executeMultipleUpdateForDistribution - SQL = INSERT INTO espafma (CDTPFORM,CDHOLDIN,CDVOCEXX,CDCONTRA,CDCAUSAL,CDORARIO,ANSELEZ1,ANSELEZ2,CLDECORR,CDSTANDA,NRSEQUEN,CDTIPOFR,CLMMSCOS,ANTPSCOS,ANTPDATO,CDTIPOX1,CDCAMPO1,CDOPERA1,CDTIPOX2,CDCAMPO2,CDOPERA2,CDTIPOX3,CDCAMPO3,CDOPERA3,FLPAROPE,FLPARCLO,NRTOTPAR,CDUSERAG,CLDATAAG,CLORAAGG,NRVERSIO,ANRECVOC) values ('PEVOCI  ','    ','300','99','   ','   ','71                  ','                    ','0',' ','2','0','0',' ',' ','R','01',' ','E','005',' ',' ','      ',' ','1','1','0','Convers.','0','0','1','    ')

2019-04-26 15:53:45 INFO  GenericDAO:205 - metodo executeMultipleUpdateForDistribution - SQL = INSERT INTO espafma (CDTPFORM,CDHOLDIN,CDVOCEXX,CDCONTRA,CDCAUSAL,CDORARIO,ANSELEZ1,ANSELEZ2,CLDECORR,CDSTANDA,NRSEQUEN,CDTIPOFR,CLMMSCOS,ANTPSCOS,ANTPDATO,CDTIPOX1,CDCAMPO1,CDOPERA1,CDTIPOX2,CDCAMPO2,CDOPERA2,CDTIPOX3,CDCAMPO3,CDOPERA3,FLPAROPE,FLPARCLO,NRTOTPAR,CDUSERAG,CLDATAAG,CLORAAGG,NRVERSIO,ANRECVOC) values ('PEVOCI  ','    ','300','99','   ','   ','71                  ','                    ','0',' ','3','2','0',' ',' ','A','3156  ','U','C','H     ',' ',' ','      ','E','1','1','0','Convers.','0','0','1','    ')

2019-04-26 15:53:45 INFO  GenericDAO:205 - metodo executeMultipleUpdateForDistribution - SQL = DELETE FROM pevtti WHERE CDVOCEXX  IN('1721' , '1722' , '300')
2019-04-26 15:53:45 INFO  GenericDAO:205 - metodo executeMultipleUpdateForDistribution - SQL = INSERT INTO pevtti (ANRECVOC,CDVOCEXX,CDCONTRA,ANSELEZ1,ANSELEZ2,CLDECORR,CDSTANDA,NRSEQUEN,FLVALANN,IMASTOT1,IMINTOT1,IMASTOT2,IMINTOT2,IMASTOT3,IMINTOT3,IMASTOT4,IMINTOT4,IMASTOT5,IMINTOT5,IMASTOT6,IMINTOT6,IMASTOT7,IMINTOT7,IMASTOT8,IMINTOT8,IMASTOT9,IMINTOT9,IMASTO10,IMINTO10,NRVERSIO) values ('    ','1721','99','                    ','                    ','0',' ','1',' ','1','1','2','1','8','1','19','-1','24','-1','0','0','0','0','0','0','0','0','0','0','97')

2019-04-26 15:53:45 INFO  GenericDAO:205 - metodo executeMultipleUpdateForDistribution - SQL = INSERT INTO pevtti (ANRECVOC,CDVOCEXX,CDCONTRA,ANSELEZ1,ANSELEZ2,CLDECORR,CDSTANDA,NRSEQUEN,FLVALANN,IMASTOT1,IMINTOT1,IMASTOT2,IMINTOT2,IMASTOT3,IMINTOT3,IMASTOT4,IMINTOT4,IMASTOT5,IMINTOT5,IMASTOT6,IMINTOT6,IMASTOT7,IMINTOT7,IMASTOT8,IMINTOT8,IMASTOT9,IMINTOT9,IMASTO10,IMINTO10,NRVERSIO) values ('    ','300','99','                    ','                    ','0',' ','1','0','10','1','0','0','0','0','0','0','0','0','0','0','0','0','0','0','0','0','0','0','1')

2019-04-26 15:53:45 INFO  GenericDAO:205 - metodo executeMultipleUpdateForDistribution - SQL = INSERT INTO pevtti (ANRECVOC,CDVOCEXX,CDCONTRA,ANSELEZ1,ANSELEZ2,CLDECORR,CDSTANDA,NRSEQUEN,FLVALANN,IMASTOT1,IMINTOT1,IMASTOT2,IMINTOT2,IMASTOT3,IMINTOT3,IMASTOT4,IMINTOT4,IMASTOT5,IMINTOT5,IMASTOT6,IMINTOT6,IMASTOT7,IMINTOT7,IMASTOT8,IMINTOT8,IMASTOT9,IMINTOT9,IMASTO10,IMINTO10,NRVERSIO) values ('    ','300','99','71                  ','                    ','0',' ','1','0','10','1','0','0','0','0','0','0','0','0','0','0','0','0','0','0','0','0','0','0','1')

2019-04-26 15:53:45 INFO  GenericDAO:205 - metodo executeMultipleUpdateForDistribution - SQL = INSERT INTO pevtti (ANRECVOC,CDVOCEXX,CDCONTRA,ANSELEZ1,ANSELEZ2,CLDECORR,CDSTANDA,NRSEQUEN,FLVALANN,IMASTOT1,IMINTOT1,IMASTOT2,IMINTOT2,IMASTOT3,IMINTOT3,IMASTOT4,IMINTOT4,IMASTOT5,IMINTOT5,IMASTOT6,IMINTOT6,IMASTOT7,IMINTOT7,IMASTOT8,IMINTOT8,IMASTOT9,IMINTOT9,IMASTO10,IMINTO10,NRVERSIO) values ('    ','300','99','72                  ','                    ','0',' ','1','0','10','1','0','0','0','0','0','0','0','0','0','0','0','0','0','0','0','0','0','0','1')

2019-04-26 15:53:45 INFO  GenericDAO:205 - metodo executeMultipleUpdateForDistribution - SQL = INSERT INTO pevtti (ANRECVOC,CDVOCEXX,CDCONTRA,ANSELEZ1,ANSELEZ2,CLDECORR,CDSTANDA,NRSEQUEN,FLVALANN,IMASTOT1,IMINTOT1,IMASTOT2,IMINTOT2,IMASTOT3,IMINTOT3,IMASTOT4,IMINTOT4,IMASTOT5,IMINTOT5,IMASTOT6,IMINTOT6,IMASTOT7,IMINTOT7,IMASTOT8,IMINTOT8,IMASTOT9,IMINTOT9,IMASTO10,IMINTO10,NRVERSIO) values ('    ','1722','99','                    ','                    ','0',' ','1',' ','1','1','2','1','8','1','19','-1','24','-1','0','0','0','0','0','0','0','0','0','0','163')

2019-04-26 15:53:45 INFO  GenericDAO:241 - metodo executeMultipleUpdateForDistribution - post rs.close()
2019-04-26 15:53:45 INFO  GenericDAO:248 - metodo executeMultipleUpdateForDistribution - post preparedStatement.close()
2019-04-26 15:53:45 INFO  GenericDAO:255 - metodo executeMultipleUpdateForDistribution - post conn.close()
2019-04-26 15:53:45 INFO  OverviewDistriVociController:1886 - metodo createWorkerForExecuteDistribution - succeeded
2019-04-26 15:53:45 INFO  OverviewDistriVociController:1769 - newValue Done!
2019-04-26 15:53:47 INFO  OverviewDistriVociController:842 - Parametri 26/04/2019 15:53:47
2019-04-26 16:28:43 INFO  Main:186 - trovate 108 province
2019-04-26 16:38:00 INFO  Main:187 - trovate 108 province
2019-04-26 16:38:59 INFO  Main:187 - trovate 108 province
2019-04-26 16:39:37 INFO  Main:187 - trovate 108 province
2019-04-26 16:40:39 INFO  Main:187 - trovate 108 province
2019-04-26 16:42:19 INFO  Main:187 - trovate 108 province
2019-04-26 16:46:34 INFO  Main:187 - trovate 108 province
2019-04-26 17:01:53 INFO  Main:187 - trovate 108 province
2019-04-26 17:04:45 INFO  Main:187 - trovate 108 province
2019-04-26 17:05:12 INFO  Main:187 - trovate 108 province
2019-04-26 17:11:24 INFO  Main:187 - trovate 108 province
2019-04-26 17:11:42 INFO  OverviewDistriVociController:826 - Schemi di Partenza 26/04/2019 17:11:42
2019-04-26 17:11:43 INFO  OverviewDistriVociController:826 - Voci 26/04/2019 17:11:43
2019-04-26 17:11:44 INFO  OverviewDistriVociController:826 - Schemi sui quali distribuire 26/04/2019 17:11:44
2019-04-26 17:11:45 INFO  OverviewDistriVociController:826 - Schemi di Partenza 26/04/2019 17:11:45
2019-04-26 17:11:45 INFO  OverviewDistriVociController:826 - Tabelle 26/04/2019 17:11:45
2019-04-26 17:11:45 INFO  OverviewDistriVociController:826 - Voci 26/04/2019 17:11:45
2019-04-26 17:11:46 INFO  OverviewDistriVociController:826 - Schemi sui quali distribuire 26/04/2019 17:11:46
2019-04-26 17:13:01 INFO  Main:187 - trovate 108 province
2019-04-26 17:13:07 INFO  OverviewDistriVociController:826 - Schemi di Partenza 26/04/2019 17:13:07
2019-04-26 17:13:07 INFO  OverviewDistriVociController:826 - Tabelle 26/04/2019 17:13:07
2019-04-26 17:13:08 INFO  OverviewDistriVociController:826 - Voci 26/04/2019 17:13:08
2019-04-26 17:13:09 INFO  OverviewDistriVociController:826 - Schemi sui quali distribuire 26/04/2019 17:13:09
2019-04-26 17:14:21 INFO  Main:187 - trovate 108 province
2019-04-26 17:16:52 INFO  Main:187 - trovate 108 province
2019-04-26 17:17:19 INFO  Main:187 - trovate 108 province
2019-04-26 17:18:40 INFO  OverviewDistriVociController:826 - Parametri 26/04/2019 17:18:38
2019-04-26 17:18:50 INFO  OverviewDistriVociController:826 - Schemi di Partenza 26/04/2019 17:18:50
2019-04-26 17:18:50 INFO  OverviewDistriVociController:826 - Tabelle 26/04/2019 17:18:50
2019-04-26 17:18:51 INFO  OverviewDistriVociController:826 - Voci 26/04/2019 17:18:51
2019-04-26 17:18:51 INFO  OverviewDistriVociController:826 - Schemi sui quali distribuire 26/04/2019 17:18:51
2019-04-26 17:18:53 INFO  OverviewDistriVociController:826 - Parametri 26/04/2019 17:18:53
2019-04-26 17:18:53 INFO  OverviewDistriVociController:826 - Distribuzione Voci 26/04/2019 17:18:53
2019-04-26 17:19:05 INFO  OverviewDistriVociController:826 - Schemi di Partenza 26/04/2019 17:19:05
2019-04-26 17:19:06 INFO  OverviewDistriVociController:826 - Tabelle 26/04/2019 17:19:06
2019-04-26 17:19:06 INFO  OverviewDistriVociController:826 - Voci 26/04/2019 17:19:06
2019-04-26 17:19:07 INFO  OverviewDistriVociController:826 - Schemi sui quali distribuire 26/04/2019 17:19:07
2019-04-26 17:19:08 INFO  OverviewDistriVociController:826 - Distribuzione Voci 26/04/2019 17:19:08
2019-04-26 17:24:58 INFO  Main:189 - trovate 108 province
2019-04-26 17:26:17 INFO  Main:189 - trovate 108 province
2019-04-26 17:26:39 INFO  OverviewDistriVociController:826 - Schemi di Partenza 26/04/2019 17:26:39
2019-04-26 17:26:40 INFO  OverviewDistriVociController:826 - Tabelle 26/04/2019 17:26:40
2019-04-26 17:26:41 INFO  OverviewDistriVociController:826 - Voci 26/04/2019 17:26:41
2019-04-26 17:26:41 INFO  OverviewDistriVociController:826 - Schemi sui quali distribuire 26/04/2019 17:26:41
2019-04-26 17:26:46 INFO  OverviewDistriVociController:826 - Anteprima e Ripristino Voce 26/04/2019 17:26:46
2019-04-26 17:26:48 INFO  GenericDAO:72 - metodo testConnessionePresenzaTabelle - post DBConnect.getConnection...
2019-04-26 17:26:49 INFO  GenericDAO:125 - metodo testConnessionePresenzaTabelle - post rs.close()
2019-04-26 17:26:49 INFO  GenericDAO:133 - metodo testConnessionePresenzaTabelle - post preparedStatement.close()
2019-04-26 17:26:49 INFO  GenericDAO:141 - metodo testConnessionePresenzaTabelle - post conn.close()
2019-04-26 17:26:49 INFO  GenericDAO:72 - metodo testConnessionePresenzaTabelle - post DBConnect.getConnection...
2019-04-26 17:26:49 INFO  GenericDAO:125 - metodo testConnessionePresenzaTabelle - post rs.close()
2019-04-26 17:26:49 INFO  GenericDAO:133 - metodo testConnessionePresenzaTabelle - post preparedStatement.close()
2019-04-26 17:26:49 INFO  GenericDAO:141 - metodo testConnessionePresenzaTabelle - post conn.close()
2019-04-26 17:26:49 INFO  GenericDAO:72 - metodo testConnessionePresenzaTabelle - post DBConnect.getConnection...
2019-04-26 17:26:49 INFO  GenericDAO:125 - metodo testConnessionePresenzaTabelle - post rs.close()
2019-04-26 17:26:49 INFO  GenericDAO:133 - metodo testConnessionePresenzaTabelle - post preparedStatement.close()
2019-04-26 17:26:49 INFO  GenericDAO:141 - metodo testConnessionePresenzaTabelle - post conn.close()
2019-04-26 17:26:49 INFO  GenericDAO:72 - metodo testConnessionePresenzaTabelle - post DBConnect.getConnection...
2019-04-26 17:26:49 INFO  GenericDAO:125 - metodo testConnessionePresenzaTabelle - post rs.close()
2019-04-26 17:26:49 INFO  GenericDAO:133 - metodo testConnessionePresenzaTabelle - post preparedStatement.close()
2019-04-26 17:26:49 INFO  GenericDAO:141 - metodo testConnessionePresenzaTabelle - post conn.close()
2019-04-26 17:26:49 INFO  GenericDAO:72 - metodo testConnessionePresenzaTabelle - post DBConnect.getConnection...
2019-04-26 17:26:49 INFO  GenericDAO:125 - metodo testConnessionePresenzaTabelle - post rs.close()
2019-04-26 17:26:49 INFO  GenericDAO:133 - metodo testConnessionePresenzaTabelle - post preparedStatement.close()
2019-04-26 17:26:49 INFO  GenericDAO:141 - metodo testConnessionePresenzaTabelle - post conn.close()
2019-04-26 17:26:50 INFO  GenericDAO:72 - metodo testConnessionePresenzaTabelle - post DBConnect.getConnection...
2019-04-26 17:26:50 INFO  GenericDAO:125 - metodo testConnessionePresenzaTabelle - post rs.close()
2019-04-26 17:26:50 INFO  GenericDAO:133 - metodo testConnessionePresenzaTabelle - post preparedStatement.close()
2019-04-26 17:26:50 INFO  GenericDAO:141 - metodo testConnessionePresenzaTabelle - post conn.close()
2019-04-26 17:26:50 INFO  GenericDAO:72 - metodo testConnessionePresenzaTabelle - post DBConnect.getConnection...
2019-04-26 17:26:50 INFO  GenericDAO:125 - metodo testConnessionePresenzaTabelle - post rs.close()
2019-04-26 17:26:50 INFO  GenericDAO:133 - metodo testConnessionePresenzaTabelle - post preparedStatement.close()
2019-04-26 17:26:50 INFO  GenericDAO:141 - metodo testConnessionePresenzaTabelle - post conn.close()
2019-04-26 17:26:50 INFO  GenericDAO:72 - metodo testConnessionePresenzaTabelle - post DBConnect.getConnection...
2019-04-26 17:26:50 INFO  GenericDAO:125 - metodo testConnessionePresenzaTabelle - post rs.close()
2019-04-26 17:26:50 INFO  GenericDAO:133 - metodo testConnessionePresenzaTabelle - post preparedStatement.close()
2019-04-26 17:26:50 INFO  GenericDAO:141 - metodo testConnessionePresenzaTabelle - post conn.close()
2019-04-26 17:26:50 INFO  GenericDAO:72 - metodo testConnessionePresenzaTabelle - post DBConnect.getConnection...
2019-04-26 17:26:50 INFO  GenericDAO:125 - metodo testConnessionePresenzaTabelle - post rs.close()
2019-04-26 17:26:50 INFO  GenericDAO:133 - metodo testConnessionePresenzaTabelle - post preparedStatement.close()
2019-04-26 17:26:50 INFO  GenericDAO:141 - metodo testConnessionePresenzaTabelle - post conn.close()
2019-04-26 17:26:50 INFO  GenericDAO:72 - metodo testConnessionePresenzaTabelle - post DBConnect.getConnection...
2019-04-26 17:26:50 INFO  GenericDAO:125 - metodo testConnessionePresenzaTabelle - post rs.close()
2019-04-26 17:26:50 INFO  GenericDAO:133 - metodo testConnessionePresenzaTabelle - post preparedStatement.close()
2019-04-26 17:26:50 INFO  GenericDAO:141 - metodo testConnessionePresenzaTabelle - post conn.close()
2019-04-26 17:26:50 INFO  GenericDAO:72 - metodo testConnessionePresenzaTabelle - post DBConnect.getConnection...
2019-04-26 17:26:50 INFO  GenericDAO:125 - metodo testConnessionePresenzaTabelle - post rs.close()
2019-04-26 17:26:50 INFO  GenericDAO:133 - metodo testConnessionePresenzaTabelle - post preparedStatement.close()
2019-04-26 17:26:50 INFO  GenericDAO:141 - metodo testConnessionePresenzaTabelle - post conn.close()
2019-04-26 17:26:50 INFO  OverviewDistriVociController:1615 - metodo createcopyWorkerForCheckConnessioniTabelle - succeeded
2019-04-26 17:26:50 INFO  OverviewDistriVociController:1556 - newValue Done!
2019-04-26 17:26:58 INFO  OverviewDistriVociController:826 - Schemi sui quali distribuire 26/04/2019 17:26:58
2019-04-26 17:27:00 INFO  OverviewDistriVociController:826 - Anteprima e Ripristino 26/04/2019 17:27:00
2019-04-26 17:27:00 INFO  GenericDAO:72 - metodo testConnessionePresenzaTabelle - post DBConnect.getConnection...
2019-04-26 17:27:00 INFO  GenericDAO:125 - metodo testConnessionePresenzaTabelle - post rs.close()
2019-04-26 17:27:00 INFO  GenericDAO:133 - metodo testConnessionePresenzaTabelle - post preparedStatement.close()
2019-04-26 17:27:00 INFO  GenericDAO:141 - metodo testConnessionePresenzaTabelle - post conn.close()
2019-04-26 17:27:00 INFO  GenericDAO:72 - metodo testConnessionePresenzaTabelle - post DBConnect.getConnection...
2019-04-26 17:27:00 INFO  GenericDAO:125 - metodo testConnessionePresenzaTabelle - post rs.close()
2019-04-26 17:27:00 INFO  GenericDAO:133 - metodo testConnessionePresenzaTabelle - post preparedStatement.close()
2019-04-26 17:27:00 INFO  GenericDAO:141 - metodo testConnessionePresenzaTabelle - post conn.close()
2019-04-26 17:27:01 INFO  GenericDAO:72 - metodo testConnessionePresenzaTabelle - post DBConnect.getConnection...
2019-04-26 17:27:01 INFO  GenericDAO:125 - metodo testConnessionePresenzaTabelle - post rs.close()
2019-04-26 17:27:01 INFO  GenericDAO:133 - metodo testConnessionePresenzaTabelle - post preparedStatement.close()
2019-04-26 17:27:01 INFO  GenericDAO:141 - metodo testConnessionePresenzaTabelle - post conn.close()
2019-04-26 17:27:01 INFO  GenericDAO:72 - metodo testConnessionePresenzaTabelle - post DBConnect.getConnection...
2019-04-26 17:27:01 INFO  GenericDAO:125 - metodo testConnessionePresenzaTabelle - post rs.close()
2019-04-26 17:27:01 INFO  GenericDAO:133 - metodo testConnessionePresenzaTabelle - post preparedStatement.close()
2019-04-26 17:27:01 INFO  GenericDAO:141 - metodo testConnessionePresenzaTabelle - post conn.close()
2019-04-26 17:27:01 INFO  GenericDAO:72 - metodo testConnessionePresenzaTabelle - post DBConnect.getConnection...
2019-04-26 17:27:01 INFO  GenericDAO:125 - metodo testConnessionePresenzaTabelle - post rs.close()
2019-04-26 17:27:01 INFO  GenericDAO:133 - metodo testConnessionePresenzaTabelle - post preparedStatement.close()
2019-04-26 17:27:01 INFO  GenericDAO:141 - metodo testConnessionePresenzaTabelle - post conn.close()
2019-04-26 17:27:01 INFO  GenericDAO:72 - metodo testConnessionePresenzaTabelle - post DBConnect.getConnection...
2019-04-26 17:27:01 INFO  GenericDAO:125 - metodo testConnessionePresenzaTabelle - post rs.close()
2019-04-26 17:27:01 INFO  GenericDAO:133 - metodo testConnessionePresenzaTabelle - post preparedStatement.close()
2019-04-26 17:27:01 INFO  GenericDAO:141 - metodo testConnessionePresenzaTabelle - post conn.close()
2019-04-26 17:27:01 INFO  GenericDAO:72 - metodo testConnessionePresenzaTabelle - post DBConnect.getConnection...
2019-04-26 17:27:01 INFO  GenericDAO:125 - metodo testConnessionePresenzaTabelle - post rs.close()
2019-04-26 17:27:01 INFO  GenericDAO:133 - metodo testConnessionePresenzaTabelle - post preparedStatement.close()
2019-04-26 17:27:01 INFO  GenericDAO:141 - metodo testConnessionePresenzaTabelle - post conn.close()
2019-04-26 17:27:01 INFO  GenericDAO:72 - metodo testConnessionePresenzaTabelle - post DBConnect.getConnection...
2019-04-26 17:27:01 INFO  GenericDAO:125 - metodo testConnessionePresenzaTabelle - post rs.close()
2019-04-26 17:27:01 INFO  GenericDAO:133 - metodo testConnessionePresenzaTabelle - post preparedStatement.close()
2019-04-26 17:27:01 INFO  GenericDAO:141 - metodo testConnessionePresenzaTabelle - post conn.close()
2019-04-26 17:27:01 INFO  GenericDAO:72 - metodo testConnessionePresenzaTabelle - post DBConnect.getConnection...
2019-04-26 17:27:01 INFO  GenericDAO:125 - metodo testConnessionePresenzaTabelle - post rs.close()
2019-04-26 17:27:01 INFO  GenericDAO:133 - metodo testConnessionePresenzaTabelle - post preparedStatement.close()
2019-04-26 17:27:01 INFO  GenericDAO:141 - metodo testConnessionePresenzaTabelle - post conn.close()
2019-04-26 17:27:01 INFO  GenericDAO:72 - metodo testConnessionePresenzaTabelle - post DBConnect.getConnection...
2019-04-26 17:27:01 INFO  GenericDAO:125 - metodo testConnessionePresenzaTabelle - post rs.close()
2019-04-26 17:27:01 INFO  GenericDAO:133 - metodo testConnessionePresenzaTabelle - post preparedStatement.close()
2019-04-26 17:27:01 INFO  GenericDAO:141 - metodo testConnessionePresenzaTabelle - post conn.close()
2019-04-26 17:27:01 INFO  GenericDAO:72 - metodo testConnessionePresenzaTabelle - post DBConnect.getConnection...
2019-04-26 17:27:01 INFO  GenericDAO:125 - metodo testConnessionePresenzaTabelle - post rs.close()
2019-04-26 17:27:01 INFO  GenericDAO:133 - metodo testConnessionePresenzaTabelle - post preparedStatement.close()
2019-04-26 17:27:01 INFO  GenericDAO:141 - metodo testConnessionePresenzaTabelle - post conn.close()
2019-04-26 17:27:01 INFO  OverviewDistriVociController:1615 - metodo createcopyWorkerForCheckConnessioniTabelle - succeeded
2019-04-26 17:27:01 INFO  OverviewDistriVociController:1556 - newValue Done!
2019-04-26 17:27:04 INFO  OverviewDistriVociController:826 - Distribuzioni 26/04/2019 17:27:04
2019-04-26 17:27:09 INFO  OverviewDistriVociController:826 - Anteprima e Distribuzione 26/04/2019 17:27:09
2019-04-26 17:27:10 INFO  OverviewDistriVociController:826 - Schemi di Partenza 26/04/2019 17:27:10
2019-04-26 17:27:11 INFO  OverviewDistriVociController:826 - Tabelle 26/04/2019 17:27:11
2019-04-26 17:27:12 INFO  OverviewDistriVociController:826 - Voci 26/04/2019 17:27:12
2019-04-26 17:27:13 INFO  OverviewDistriVociController:826 - Schemi sui quali distribuire 26/04/2019 17:27:13
2019-04-26 17:27:16 INFO  OverviewDistriVociController:826 - Anteprima e Distribuzione 26/04/2019 17:27:16
2019-04-26 17:27:17 INFO  OverviewDistriVociController:826 - Distribuzioni 26/04/2019 17:27:17
2019-04-26 17:27:19 INFO  OverviewDistriVociController:826 - Anteprima e Ripristino 26/04/2019 17:27:19
2019-04-26 17:27:19 INFO  GenericDAO:72 - metodo testConnessionePresenzaTabelle - post DBConnect.getConnection...
2019-04-26 17:27:19 INFO  GenericDAO:125 - metodo testConnessionePresenzaTabelle - post rs.close()
2019-04-26 17:27:19 INFO  GenericDAO:133 - metodo testConnessionePresenzaTabelle - post preparedStatement.close()
2019-04-26 17:27:19 INFO  GenericDAO:141 - metodo testConnessionePresenzaTabelle - post conn.close()
2019-04-26 17:27:19 INFO  GenericDAO:72 - metodo testConnessionePresenzaTabelle - post DBConnect.getConnection...
2019-04-26 17:27:19 INFO  GenericDAO:125 - metodo testConnessionePresenzaTabelle - post rs.close()
2019-04-26 17:27:19 INFO  GenericDAO:133 - metodo testConnessionePresenzaTabelle - post preparedStatement.close()
2019-04-26 17:27:19 INFO  GenericDAO:141 - metodo testConnessionePresenzaTabelle - post conn.close()
2019-04-26 17:27:19 INFO  GenericDAO:72 - metodo testConnessionePresenzaTabelle - post DBConnect.getConnection...
2019-04-26 17:27:19 INFO  GenericDAO:125 - metodo testConnessionePresenzaTabelle - post rs.close()
2019-04-26 17:27:19 INFO  GenericDAO:133 - metodo testConnessionePresenzaTabelle - post preparedStatement.close()
2019-04-26 17:27:19 INFO  GenericDAO:141 - metodo testConnessionePresenzaTabelle - post conn.close()
2019-04-26 17:27:19 INFO  GenericDAO:72 - metodo testConnessionePresenzaTabelle - post DBConnect.getConnection...
2019-04-26 17:27:19 INFO  GenericDAO:125 - metodo testConnessionePresenzaTabelle - post rs.close()
2019-04-26 17:27:19 INFO  GenericDAO:133 - metodo testConnessionePresenzaTabelle - post preparedStatement.close()
2019-04-26 17:27:19 INFO  GenericDAO:141 - metodo testConnessionePresenzaTabelle - post conn.close()
2019-04-26 17:27:19 INFO  GenericDAO:72 - metodo testConnessionePresenzaTabelle - post DBConnect.getConnection...
2019-04-26 17:27:19 INFO  GenericDAO:125 - metodo testConnessionePresenzaTabelle - post rs.close()
2019-04-26 17:27:19 INFO  GenericDAO:133 - metodo testConnessionePresenzaTabelle - post preparedStatement.close()
2019-04-26 17:27:19 INFO  GenericDAO:141 - metodo testConnessionePresenzaTabelle - post conn.close()
2019-04-26 17:27:20 INFO  GenericDAO:72 - metodo testConnessionePresenzaTabelle - post DBConnect.getConnection...
2019-04-26 17:27:20 INFO  GenericDAO:125 - metodo testConnessionePresenzaTabelle - post rs.close()
2019-04-26 17:27:20 INFO  GenericDAO:133 - metodo testConnessionePresenzaTabelle - post preparedStatement.close()
2019-04-26 17:27:20 INFO  GenericDAO:141 - metodo testConnessionePresenzaTabelle - post conn.close()
2019-04-26 17:27:20 INFO  GenericDAO:72 - metodo testConnessionePresenzaTabelle - post DBConnect.getConnection...
2019-04-26 17:27:20 INFO  GenericDAO:125 - metodo testConnessionePresenzaTabelle - post rs.close()
2019-04-26 17:27:20 INFO  GenericDAO:133 - metodo testConnessionePresenzaTabelle - post preparedStatement.close()
2019-04-26 17:27:20 INFO  GenericDAO:141 - metodo testConnessionePresenzaTabelle - post conn.close()
2019-04-26 17:27:20 INFO  GenericDAO:72 - metodo testConnessionePresenzaTabelle - post DBConnect.getConnection...
2019-04-26 17:27:20 INFO  GenericDAO:125 - metodo testConnessionePresenzaTabelle - post rs.close()
2019-04-26 17:27:20 INFO  GenericDAO:133 - metodo testConnessionePresenzaTabelle - post preparedStatement.close()
2019-04-26 17:27:20 INFO  GenericDAO:141 - metodo testConnessionePresenzaTabelle - post conn.close()
2019-04-26 17:27:20 INFO  GenericDAO:72 - metodo testConnessionePresenzaTabelle - post DBConnect.getConnection...
2019-04-26 17:27:20 INFO  GenericDAO:125 - metodo testConnessionePresenzaTabelle - post rs.close()
2019-04-26 17:27:20 INFO  GenericDAO:133 - metodo testConnessionePresenzaTabelle - post preparedStatement.close()
2019-04-26 17:27:20 INFO  GenericDAO:141 - metodo testConnessionePresenzaTabelle - post conn.close()
2019-04-26 17:27:20 INFO  GenericDAO:72 - metodo testConnessionePresenzaTabelle - post DBConnect.getConnection...
2019-04-26 17:27:20 INFO  GenericDAO:125 - metodo testConnessionePresenzaTabelle - post rs.close()
2019-04-26 17:27:20 INFO  GenericDAO:133 - metodo testConnessionePresenzaTabelle - post preparedStatement.close()
2019-04-26 17:27:20 INFO  GenericDAO:141 - metodo testConnessionePresenzaTabelle - post conn.close()
2019-04-26 17:27:20 INFO  GenericDAO:72 - metodo testConnessionePresenzaTabelle - post DBConnect.getConnection...
2019-04-26 17:27:20 INFO  GenericDAO:125 - metodo testConnessionePresenzaTabelle - post rs.close()
2019-04-26 17:27:20 INFO  GenericDAO:133 - metodo testConnessionePresenzaTabelle - post preparedStatement.close()
2019-04-26 17:27:20 INFO  GenericDAO:141 - metodo testConnessionePresenzaTabelle - post conn.close()
2019-04-26 17:27:20 INFO  OverviewDistriVociController:1615 - metodo createcopyWorkerForCheckConnessioniTabelle - succeeded
2019-04-26 17:27:20 INFO  OverviewDistriVociController:1556 - newValue Done!
2019-04-26 17:27:22 INFO  OverviewDistriVociController:826 - Anteprima e Ripristino Voce 26/04/2019 17:27:22
2019-04-26 17:27:22 INFO  GenericDAO:72 - metodo testConnessionePresenzaTabelle - post DBConnect.getConnection...
2019-04-26 17:27:22 INFO  GenericDAO:125 - metodo testConnessionePresenzaTabelle - post rs.close()
2019-04-26 17:27:22 INFO  GenericDAO:133 - metodo testConnessionePresenzaTabelle - post preparedStatement.close()
2019-04-26 17:27:22 INFO  GenericDAO:141 - metodo testConnessionePresenzaTabelle - post conn.close()
2019-04-26 17:27:22 INFO  GenericDAO:72 - metodo testConnessionePresenzaTabelle - post DBConnect.getConnection...
2019-04-26 17:27:22 INFO  GenericDAO:125 - metodo testConnessionePresenzaTabelle - post rs.close()
2019-04-26 17:27:22 INFO  GenericDAO:133 - metodo testConnessionePresenzaTabelle - post preparedStatement.close()
2019-04-26 17:27:22 INFO  GenericDAO:141 - metodo testConnessionePresenzaTabelle - post conn.close()
2019-04-26 17:27:22 INFO  GenericDAO:72 - metodo testConnessionePresenzaTabelle - post DBConnect.getConnection...
2019-04-26 17:27:22 INFO  GenericDAO:125 - metodo testConnessionePresenzaTabelle - post rs.close()
2019-04-26 17:27:22 INFO  GenericDAO:133 - metodo testConnessionePresenzaTabelle - post preparedStatement.close()
2019-04-26 17:27:22 INFO  GenericDAO:141 - metodo testConnessionePresenzaTabelle - post conn.close()
2019-04-26 17:27:22 INFO  GenericDAO:72 - metodo testConnessionePresenzaTabelle - post DBConnect.getConnection...
2019-04-26 17:27:23 INFO  GenericDAO:125 - metodo testConnessionePresenzaTabelle - post rs.close()
2019-04-26 17:27:23 INFO  GenericDAO:133 - metodo testConnessionePresenzaTabelle - post preparedStatement.close()
2019-04-26 17:27:23 INFO  GenericDAO:141 - metodo testConnessionePresenzaTabelle - post conn.close()
2019-04-26 17:27:23 INFO  GenericDAO:72 - metodo testConnessionePresenzaTabelle - post DBConnect.getConnection...
2019-04-26 17:27:23 INFO  GenericDAO:125 - metodo testConnessionePresenzaTabelle - post rs.close()
2019-04-26 17:27:23 INFO  GenericDAO:133 - metodo testConnessionePresenzaTabelle - post preparedStatement.close()
2019-04-26 17:27:23 INFO  GenericDAO:141 - metodo testConnessionePresenzaTabelle - post conn.close()
2019-04-26 17:27:23 INFO  GenericDAO:72 - metodo testConnessionePresenzaTabelle - post DBConnect.getConnection...
2019-04-26 17:27:23 INFO  GenericDAO:125 - metodo testConnessionePresenzaTabelle - post rs.close()
2019-04-26 17:27:23 INFO  GenericDAO:133 - metodo testConnessionePresenzaTabelle - post preparedStatement.close()
2019-04-26 17:27:23 INFO  GenericDAO:141 - metodo testConnessionePresenzaTabelle - post conn.close()
2019-04-26 17:27:23 INFO  GenericDAO:72 - metodo testConnessionePresenzaTabelle - post DBConnect.getConnection...
2019-04-26 17:27:23 INFO  GenericDAO:125 - metodo testConnessionePresenzaTabelle - post rs.close()
2019-04-26 17:27:23 INFO  GenericDAO:133 - metodo testConnessionePresenzaTabelle - post preparedStatement.close()
2019-04-26 17:27:23 INFO  GenericDAO:141 - metodo testConnessionePresenzaTabelle - post conn.close()
2019-04-26 17:27:23 INFO  GenericDAO:72 - metodo testConnessionePresenzaTabelle - post DBConnect.getConnection...
2019-04-26 17:27:23 INFO  GenericDAO:125 - metodo testConnessionePresenzaTabelle - post rs.close()
2019-04-26 17:27:23 INFO  GenericDAO:133 - metodo testConnessionePresenzaTabelle - post preparedStatement.close()
2019-04-26 17:27:23 INFO  GenericDAO:141 - metodo testConnessionePresenzaTabelle - post conn.close()
2019-04-26 17:27:23 INFO  GenericDAO:72 - metodo testConnessionePresenzaTabelle - post DBConnect.getConnection...
2019-04-26 17:27:23 INFO  GenericDAO:125 - metodo testConnessionePresenzaTabelle - post rs.close()
2019-04-26 17:27:23 INFO  GenericDAO:133 - metodo testConnessionePresenzaTabelle - post preparedStatement.close()
2019-04-26 17:27:23 INFO  GenericDAO:141 - metodo testConnessionePresenzaTabelle - post conn.close()
2019-04-26 17:27:23 INFO  GenericDAO:72 - metodo testConnessionePresenzaTabelle - post DBConnect.getConnection...
2019-04-26 17:27:23 INFO  GenericDAO:125 - metodo testConnessionePresenzaTabelle - post rs.close()
2019-04-26 17:27:23 INFO  GenericDAO:133 - metodo testConnessionePresenzaTabelle - post preparedStatement.close()
2019-04-26 17:27:23 INFO  GenericDAO:141 - metodo testConnessionePresenzaTabelle - post conn.close()
2019-04-26 17:27:23 INFO  GenericDAO:72 - metodo testConnessionePresenzaTabelle - post DBConnect.getConnection...
2019-04-26 17:27:23 INFO  GenericDAO:125 - metodo testConnessionePresenzaTabelle - post rs.close()
2019-04-26 17:27:23 INFO  GenericDAO:133 - metodo testConnessionePresenzaTabelle - post preparedStatement.close()
2019-04-26 17:27:23 INFO  GenericDAO:141 - metodo testConnessionePresenzaTabelle - post conn.close()
2019-04-26 17:27:23 INFO  OverviewDistriVociController:1615 - metodo createcopyWorkerForCheckConnessioniTabelle - succeeded
2019-04-26 17:27:23 INFO  OverviewDistriVociController:1556 - newValue Done!
2019-04-26 17:27:31 INFO  OverviewDistriVociController:826 - Schemi di Partenza 26/04/2019 17:27:31
2019-04-26 17:27:32 INFO  OverviewDistriVociController:826 - Parametri 26/04/2019 17:27:32
2019-04-26 17:27:33 INFO  OverviewDistriVociController:826 - Distribuzione Voci 26/04/2019 17:27:33
2019-04-26 17:27:47 INFO  OverviewDistriVociController:826 - Anteprima e Ripristino Voce 26/04/2019 17:27:47
2019-04-26 17:27:47 INFO  GenericDAO:72 - metodo testConnessionePresenzaTabelle - post DBConnect.getConnection...
2019-04-26 17:27:47 INFO  GenericDAO:125 - metodo testConnessionePresenzaTabelle - post rs.close()
2019-04-26 17:27:47 INFO  GenericDAO:133 - metodo testConnessionePresenzaTabelle - post preparedStatement.close()
2019-04-26 17:27:47 INFO  GenericDAO:141 - metodo testConnessionePresenzaTabelle - post conn.close()
2019-04-26 17:27:47 INFO  GenericDAO:72 - metodo testConnessionePresenzaTabelle - post DBConnect.getConnection...
2019-04-26 17:27:47 INFO  GenericDAO:125 - metodo testConnessionePresenzaTabelle - post rs.close()
2019-04-26 17:27:47 INFO  GenericDAO:133 - metodo testConnessionePresenzaTabelle - post preparedStatement.close()
2019-04-26 17:27:47 INFO  GenericDAO:141 - metodo testConnessionePresenzaTabelle - post conn.close()
2019-04-26 17:27:47 INFO  GenericDAO:72 - metodo testConnessionePresenzaTabelle - post DBConnect.getConnection...
2019-04-26 17:27:47 INFO  GenericDAO:125 - metodo testConnessionePresenzaTabelle - post rs.close()
2019-04-26 17:27:47 INFO  GenericDAO:133 - metodo testConnessionePresenzaTabelle - post preparedStatement.close()
2019-04-26 17:27:47 INFO  GenericDAO:141 - metodo testConnessionePresenzaTabelle - post conn.close()
2019-04-26 17:27:47 INFO  GenericDAO:72 - metodo testConnessionePresenzaTabelle - post DBConnect.getConnection...
2019-04-26 17:27:47 INFO  GenericDAO:125 - metodo testConnessionePresenzaTabelle - post rs.close()
2019-04-26 17:27:47 INFO  GenericDAO:133 - metodo testConnessionePresenzaTabelle - post preparedStatement.close()
2019-04-26 17:27:47 INFO  GenericDAO:141 - metodo testConnessionePresenzaTabelle - post conn.close()
2019-04-26 17:27:48 INFO  GenericDAO:72 - metodo testConnessionePresenzaTabelle - post DBConnect.getConnection...
2019-04-26 17:27:48 INFO  GenericDAO:125 - metodo testConnessionePresenzaTabelle - post rs.close()
2019-04-26 17:27:48 INFO  GenericDAO:133 - metodo testConnessionePresenzaTabelle - post preparedStatement.close()
2019-04-26 17:27:48 INFO  GenericDAO:141 - metodo testConnessionePresenzaTabelle - post conn.close()
2019-04-26 17:27:48 INFO  GenericDAO:72 - metodo testConnessionePresenzaTabelle - post DBConnect.getConnection...
2019-04-26 17:27:48 INFO  GenericDAO:125 - metodo testConnessionePresenzaTabelle - post rs.close()
2019-04-26 17:27:48 INFO  GenericDAO:133 - metodo testConnessionePresenzaTabelle - post preparedStatement.close()
2019-04-26 17:27:48 INFO  GenericDAO:141 - metodo testConnessionePresenzaTabelle - post conn.close()
2019-04-26 17:27:48 INFO  GenericDAO:72 - metodo testConnessionePresenzaTabelle - post DBConnect.getConnection...
2019-04-26 17:27:48 INFO  GenericDAO:125 - metodo testConnessionePresenzaTabelle - post rs.close()
2019-04-26 17:27:48 INFO  GenericDAO:133 - metodo testConnessionePresenzaTabelle - post preparedStatement.close()
2019-04-26 17:27:48 INFO  GenericDAO:141 - metodo testConnessionePresenzaTabelle - post conn.close()
2019-04-26 17:27:48 INFO  GenericDAO:72 - metodo testConnessionePresenzaTabelle - post DBConnect.getConnection...
2019-04-26 17:27:48 INFO  GenericDAO:125 - metodo testConnessionePresenzaTabelle - post rs.close()
2019-04-26 17:27:48 INFO  GenericDAO:133 - metodo testConnessionePresenzaTabelle - post preparedStatement.close()
2019-04-26 17:27:48 INFO  GenericDAO:141 - metodo testConnessionePresenzaTabelle - post conn.close()
2019-04-26 17:27:48 INFO  GenericDAO:72 - metodo testConnessionePresenzaTabelle - post DBConnect.getConnection...
2019-04-26 17:27:48 INFO  GenericDAO:125 - metodo testConnessionePresenzaTabelle - post rs.close()
2019-04-26 17:27:48 INFO  GenericDAO:133 - metodo testConnessionePresenzaTabelle - post preparedStatement.close()
2019-04-26 17:27:48 INFO  GenericDAO:141 - metodo testConnessionePresenzaTabelle - post conn.close()
2019-04-26 17:27:48 INFO  GenericDAO:72 - metodo testConnessionePresenzaTabelle - post DBConnect.getConnection...
2019-04-26 17:27:48 INFO  GenericDAO:125 - metodo testConnessionePresenzaTabelle - post rs.close()
2019-04-26 17:27:48 INFO  GenericDAO:133 - metodo testConnessionePresenzaTabelle - post preparedStatement.close()
2019-04-26 17:27:48 INFO  GenericDAO:141 - metodo testConnessionePresenzaTabelle - post conn.close()
2019-04-26 17:27:48 INFO  GenericDAO:72 - metodo testConnessionePresenzaTabelle - post DBConnect.getConnection...
2019-04-26 17:27:48 INFO  GenericDAO:125 - metodo testConnessionePresenzaTabelle - post rs.close()
2019-04-26 17:27:48 INFO  GenericDAO:133 - metodo testConnessionePresenzaTabelle - post preparedStatement.close()
2019-04-26 17:27:48 INFO  GenericDAO:141 - metodo testConnessionePresenzaTabelle - post conn.close()
2019-04-26 17:27:48 INFO  OverviewDistriVociController:1615 - metodo createcopyWorkerForCheckConnessioniTabelle - succeeded
2019-04-26 17:27:48 INFO  OverviewDistriVociController:1556 - newValue Done!
2019-04-26 17:27:53 INFO  OverviewDistriVociController:826 - Distribuzione Voci 26/04/2019 17:27:53
